
=== Sat Apr 18 18:45:15 2020

Packages were changed.
Update Mode: updateDependencies

The following packages were added:
  com.unity.2d.sprite@1.0.0
  com.unity.2d.tilemap@1.0.0
  com.unity.ide.rider@1.1.4
  com.unity.ide.vscode@1.1.4
  com.unity.modules.androidjni@1.0.0
  com.unity.test-framework@1.1.13
  com.unity.ugui@1.0.0
The following packages were updated:
  com.unity.2d.pixel-perfect from version 1.0.1-preview to 2.0.4
  com.unity.ads from version 2.0.8 to 3.4.4
  com.unity.analytics from version 3.3.2 to 3.3.5
  com.unity.timeline from version 1.0.0 to 1.2.6
The following packages were removed:
  com.unity.package-manager-ui@2.1.2

=== Sun Aug 23 18:15:48 2020

Packages were changed.
Update Mode: updateDependencies

The following packages were added:
  com.unity.ide.visualstudio@2.0.2
The following packages were updated:
  com.unity.2d.pixel-perfect from version 2.0.4 to 3.0.2
  com.unity.ads from version 3.4.4 to 3.4.7
  com.unity.collab-proxy from version 1.2.16 to 1.3.8
  com.unity.ide.rider from version 1.1.4 to 1.2.1
  com.unity.ide.vscode from version 1.1.4 to 1.2.1
  com.unity.test-framework from version 1.1.13 to 1.1.16
  com.unity.textmeshpro from version 2.0.1 to 3.0.1
